<?xml version="1.0" encoding="UTF-8"?>
<!-- Generated by org.testng.reporters.JUnitReportReporter -->
<testsuite hostname="DESKTOP-2RF84QH" failures="0" tests="1" name="com.NativeApp.TestCases.LoginPageNumberTagPresence" time="4.676" errors="0" timestamp="30 Aug 2022 09:03:07 GMT" skipped="0">
  <testcase classname="com.NativeApp.TestCases.LoginPageNumberTagPresence" name="NumberTagPresenceinloginpage" time="4.676"/>
</testsuite> <!-- com.NativeApp.TestCases.LoginPageNumberTagPresence -->
