<?xml version="1.0" encoding="UTF-8"?>
<!-- Generated by org.testng.reporters.JUnitReportReporter -->
<testsuite hostname="DESKTOP-2RF84QH" failures="0" tests="1" name="com.NativeApp.TestCases.AppSuccessfullLoginWithValidPin" time="29.519" errors="0" timestamp="30 Aug 2022 09:03:07 GMT" skipped="0">
  <testcase classname="com.NativeApp.TestCases.AppSuccessfullLoginWithValidPin" name="loginWithValidPininpintrypage" time="29.519"/>
</testsuite> <!-- com.NativeApp.TestCases.AppSuccessfullLoginWithValidPin -->
