<?xml version="1.0" encoding="UTF-8"?>
<!-- Generated by org.testng.reporters.JUnitReportReporter -->
<testsuite hostname="DESKTOP-2RF84QH" failures="0" tests="1" name="com.NativeApp.TestCases.JoinFormSuccessfullSignUp" time="67.974" errors="0" timestamp="30 Aug 2022 12:43:26 GMT" skipped="0">
  <testcase classname="com.NativeApp.TestCases.JoinFormSuccessfullSignUp" name="SuccessfullSignUpinjoinforms" time="67.974"/>
</testsuite> <!-- com.NativeApp.TestCases.JoinFormSuccessfullSignUp -->
