<?xml version="1.0" encoding="UTF-8"?>
<!-- Generated by org.testng.reporters.JUnitReportReporter -->
<testsuite hostname="DESKTOP-2RF84QH" failures="0" tests="1" name="com.NativeApp.TestCases.JoinFormDOBSelect" time="31.050" errors="0" timestamp="22 Aug 2022 11:55:04 GMT" skipped="0">
  <testcase classname="com.NativeApp.TestCases.JoinFormDOBSelect" name="joinFormDetails" time="31.050"/>
</testsuite> <!-- com.NativeApp.TestCases.JoinFormDOBSelect -->
