<?xml version="1.0" encoding="UTF-8"?>
<!-- Generated by org.testng.reporters.JUnitReportReporter -->
<testsuite hostname="DESKTOP-2RF84QH" failures="0" tests="1" name="com.NativeApp.TestCases.PinEntryPageCancellBtn" time="16.337" errors="0" timestamp="20 Aug 2022 10:28:21 GMT" skipped="0">
  <testcase classname="com.NativeApp.TestCases.PinEntryPageCancellBtn" name="logoPresence" time="16.337"/>
</testsuite> <!-- com.NativeApp.TestCases.PinEntryPageCancellBtn -->
