<?xml version="1.0" encoding="UTF-8"?>
<!-- Generated by org.testng.reporters.JUnitReportReporter -->
<testsuite hostname="DESKTOP-2RF84QH" failures="0" tests="1" name="com.NativeApp.TestCases.JoinFormDetailsFill" time="69.353" errors="0" timestamp="23 Aug 2022 09:58:21 GMT" skipped="0">
  <testcase classname="com.NativeApp.TestCases.JoinFormDetailsFill" name="joinFormDetails" time="69.353"/>
</testsuite> <!-- com.NativeApp.TestCases.JoinFormDetailsFill -->
