<?xml version="1.0" encoding="UTF-8"?>
<!-- Generated by org.testng.reporters.JUnitReportReporter -->
<testsuite hostname="DESKTOP-2RF84QH" failures="0" tests="1" name="com.NativeApp.TestCases.PinEntryPageAutoclear" time="23.698" errors="0" timestamp="25 Aug 2022 10:03:40 GMT" skipped="0">
  <testcase classname="com.NativeApp.TestCases.PinEntryPageAutoclear" name="autoClearTestofphonenumandpin" time="23.698"/>
</testsuite> <!-- com.NativeApp.TestCases.PinEntryPageAutoclear -->
