<?xml version="1.0" encoding="UTF-8"?>
<!-- Generated by org.testng.reporters.JUnitReportReporter -->
<testsuite hostname="DESKTOP-2RF84QH" failures="0" tests="1" name="com.NativeApp.TestCases.LoginPageLogoPresence" time="10.723" errors="0" timestamp="27 Aug 2022 05:58:53 GMT" skipped="0">
  <testcase classname="com.NativeApp.TestCases.LoginPageLogoPresence" name="logoPresenceinloginpage" time="10.723"/>
</testsuite> <!-- com.NativeApp.TestCases.LoginPageLogoPresence -->
