<?xml version="1.0" encoding="UTF-8"?>
<!-- Generated by org.testng.reporters.JUnitReportReporter -->
<testsuite skipped="0" hostname="DESKTOP-2RF84QH" name="com.NativeApp.TestCases.PinEntryPageFieldValidation" tests="1" failures="0" timestamp="30 Aug 2022 06:25:32 GMT" time="10.829" errors="0">
  <testcase name="fieldValidationmsginpinentrypage" time="10.829" classname="com.NativeApp.TestCases.PinEntryPageFieldValidation"/>
</testsuite> <!-- com.NativeApp.TestCases.PinEntryPageFieldValidation -->
