<?xml version="1.0" encoding="UTF-8"?>
<!-- Generated by org.testng.reporters.JUnitReportReporter -->
<testsuite skipped="0" hostname="DESKTOP-2RF84QH" name="com.NativeApp.TestCases.MerchantListSelectMerchant" tests="1" failures="0" timestamp="30 Aug 2022 06:25:32 GMT" time="25.964" errors="0">
  <testcase name="selectMerchantinmerchantlistpage" time="25.964" classname="com.NativeApp.TestCases.MerchantListSelectMerchant"/>
</testsuite> <!-- com.NativeApp.TestCases.MerchantListSelectMerchant -->
