<?xml version="1.0" encoding="UTF-8"?>
<!-- Generated by org.testng.reporters.JUnitReportReporter -->
<testsuite skipped="0" hostname="DESKTOP-2RF84QH" name="com.NativeApp.TestCases.PinEntryPageLogoPresence" tests="1" failures="0" timestamp="30 Aug 2022 06:25:32 GMT" time="9.735" errors="0">
  <testcase name="logoPresenceinpinentrypages" time="9.735" classname="com.NativeApp.TestCases.PinEntryPageLogoPresence"/>
</testsuite> <!-- com.NativeApp.TestCases.PinEntryPageLogoPresence -->
