<?xml version="1.0" encoding="UTF-8"?>
<!-- Generated by org.testng.reporters.JUnitReportReporter -->
<testsuite skipped="0" hostname="DESKTOP-2RF84QH" name="com.NativeApp.TestCases.PinEntryPageTemPinPresence" tests="1" failures="0" timestamp="30 Aug 2022 06:25:32 GMT" time="9.810" errors="0">
  <testcase name="temPinmsgPresenceinpinentrypage" time="9.810" classname="com.NativeApp.TestCases.PinEntryPageTemPinPresence"/>
</testsuite> <!-- com.NativeApp.TestCases.PinEntryPageTemPinPresence -->
