<?xml version="1.0" encoding="UTF-8"?>
<!-- Generated by org.testng.reporters.JUnitReportReporter -->
<testsuite skipped="0" hostname="DESKTOP-2RF84QH" name="com.NativeApp.TestCases.LoginPageSuccessfulLogIn" tests="1" failures="0" timestamp="30 Aug 2022 09:10:47 GMT" time="3.041" errors="0">
  <testcase name="successLoginwithvalidnumber" time="3.041" classname="com.NativeApp.TestCases.LoginPageSuccessfulLogIn"/>
</testsuite> <!-- com.NativeApp.TestCases.LoginPageSuccessfulLogIn -->
