<?xml version="1.0" encoding="UTF-8"?>
<!-- Generated by org.testng.reporters.JUnitReportReporter -->
<testsuite skipped="0" hostname="DESKTOP-2RF84QH" name="com.NativeApp.TestCases.LoginPageNumberTagPresence" tests="1" failures="0" timestamp="30 Aug 2022 06:25:32 GMT" time="3.843" errors="0">
  <testcase name="NumberTagPresenceinloginpage" time="3.843" classname="com.NativeApp.TestCases.LoginPageNumberTagPresence"/>
</testsuite> <!-- com.NativeApp.TestCases.LoginPageNumberTagPresence -->
