<?xml version="1.0" encoding="UTF-8"?>
<!-- Generated by org.testng.reporters.JUnitReportReporter -->
<testsuite skipped="0" hostname="DESKTOP-2RF84QH" name="com.NativeApp.TestCases.AppSuccessfullLoginWithValidPin" tests="1" failures="0" timestamp="30 Aug 2022 09:10:47 GMT" time="22.656" errors="0">
  <testcase name="loginWithValidPininpintrypage" time="22.656" classname="com.NativeApp.TestCases.AppSuccessfullLoginWithValidPin"/>
</testsuite> <!-- com.NativeApp.TestCases.AppSuccessfullLoginWithValidPin -->
