<?xml version="1.0" encoding="UTF-8"?>
<!-- Generated by org.testng.reporters.JUnitReportReporter -->
<testsuite skipped="0" hostname="DESKTOP-2RF84QH" name="com.NativeApp.TestCases.PinEntryPageInvalidPinValidationMsg" tests="1" failures="0" timestamp="30 Aug 2022 06:25:32 GMT" time="12.147" errors="0">
  <testcase name="invalidPinValidationMsginpinentrypage" time="12.147" classname="com.NativeApp.TestCases.PinEntryPageInvalidPinValidationMsg"/>
</testsuite> <!-- com.NativeApp.TestCases.PinEntryPageInvalidPinValidationMsg -->
