<?xml version="1.0" encoding="UTF-8"?>
<!-- Generated by org.testng.reporters.JUnitReportReporter -->
<testsuite skipped="0" hostname="DESKTOP-2RF84QH" name="com.NativeApp.TestCases.LoginPageInvalidNumber" tests="1" failures="0" timestamp="30 Aug 2022 06:25:32 GMT" time="8.893" errors="0">
  <testcase name="invalidnumbervalidationmessage" time="8.893" classname="com.NativeApp.TestCases.LoginPageInvalidNumber"/>
</testsuite> <!-- com.NativeApp.TestCases.LoginPageInvalidNumber -->
